2024.04.19 08:56:22 INFO  Started: Metals version 1.3.0 in folders '/home/hermandi21/Schreibtisch/AIN3/ConnectFour' for client Code - OSS 1.87.2.
SLF4J: Class path contains multiple SLF4J providers.
SLF4J: Found provider [scribe.slf4j.ScribeServiceProvider@73d11936]
SLF4J: Found provider [ch.qos.logback.classic.spi.LogbackServiceProvider@232fc7b8]
SLF4J: See https://www.slf4j.org/codes.html#multiple_bindings for an explanation.
SLF4J: Actual provider is of type [scribe.slf4j.ScribeServiceProvider@73d11936]
2024.04.19 08:56:22 WARN  Flyway upgrade recommended: H2 2.2.224 is newer than this version of Flyway and support has not been tested. The latest supported version of H2 is 2.2.220.
2024.04.19 08:56:41 INFO  no build target found for /home/hermandi21/Schreibtisch/AIN3/ConnectFour/connectfour/build.sbt. Using presentation compiler with project's scala-library version: 3.3.3
2024.04.19 08:56:41 INFO  restarted 1 presentation compiler
2024.04.19 08:56:53 INFO  no build target found for /home/hermandi21/Schreibtisch/AIN3/ConnectFour/connectfour/build.sbt. Using presentation compiler with project's scala-library version: 3.3.3
Apr. 19, 2024 8:56:53 AM org.eclipse.lsp4j.jsonrpc.RemoteEndpoint handleCancellation
WARNUNG: Unmatched cancel notification for request id 12
Apr. 19, 2024 8:56:53 AM org.eclipse.lsp4j.jsonrpc.RemoteEndpoint handleCancellation
WARNUNG: Unmatched cancel notification for request id 14
Apr. 19, 2024 8:56:53 AM org.eclipse.lsp4j.jsonrpc.RemoteEndpoint handleCancellation
WARNUNG: Unmatched cancel notification for request id 15
Apr. 19, 2024 8:56:53 AM org.eclipse.lsp4j.jsonrpc.RemoteEndpoint handleCancellation
WARNUNG: Unmatched cancel notification for request id 18
Apr. 19, 2024 8:56:53 AM org.eclipse.lsp4j.jsonrpc.RemoteEndpoint handleCancellation
WARNUNG: Unmatched cancel notification for request id 20
Apr. 19, 2024 8:56:53 AM org.eclipse.lsp4j.jsonrpc.RemoteEndpoint handleCancellation
WARNUNG: Unmatched cancel notification for request id 24
Apr. 19, 2024 8:56:53 AM org.eclipse.lsp4j.jsonrpc.RemoteEndpoint handleCancellation
WARNUNG: Unmatched cancel notification for request id 26
Apr. 19, 2024 8:56:54 AM org.eclipse.lsp4j.jsonrpc.RemoteEndpoint handleCancellation
WARNUNG: Unmatched cancel notification for request id 27
Apr. 19, 2024 8:56:54 AM org.eclipse.lsp4j.jsonrpc.RemoteEndpoint handleCancellation
WARNUNG: Unmatched cancel notification for request id 28
Apr. 19, 2024 8:56:54 AM org.eclipse.lsp4j.jsonrpc.RemoteEndpoint handleCancellation
WARNUNG: Unmatched cancel notification for request id 33
Apr. 19, 2024 8:56:54 AM org.eclipse.lsp4j.jsonrpc.RemoteEndpoint handleCancellation
WARNUNG: Unmatched cancel notification for request id 30
Apr. 19, 2024 8:56:54 AM org.eclipse.lsp4j.jsonrpc.RemoteEndpoint handleCancellation
WARNUNG: Unmatched cancel notification for request id 32
Apr. 19, 2024 8:56:54 AM org.eclipse.lsp4j.jsonrpc.RemoteEndpoint handleCancellation
WARNUNG: Unmatched cancel notification for request id 44
Apr. 19, 2024 8:56:54 AM org.eclipse.lsp4j.jsonrpc.RemoteEndpoint handleCancellation
WARNUNG: Unmatched cancel notification for request id 48
Apr. 19, 2024 8:56:54 AM org.eclipse.lsp4j.jsonrpc.RemoteEndpoint handleCancellation
WARNUNG: Unmatched cancel notification for request id 50
2024.04.19 08:57:33 WARN  no build target for: /home/hermandi21/Schreibtisch/AIN3/ConnectFour/connectfour/src/main/scala/Main.scala
2024.04.19 08:58:00 WARN  no build target for: /home/hermandi21/Schreibtisch/AIN3/ConnectFour/connectfour/src/main/scala/model/Player.scala
2024.04.19 08:58:14 WARN  no build target for: /home/hermandi21/Schreibtisch/AIN3/ConnectFour/connectfour/src/main/scala/Playground.scala
2024.04.19 08:58:29 WARN  no build target for: /home/hermandi21/Schreibtisch/AIN3/ConnectFour/connectfour/src/main/scala/model/Playground.scala
2024.04.19 08:58:46 WARN  no build target for: /home/hermandi21/Schreibtisch/AIN3/ConnectFour/connectfour/src/main/scala/model/Player.scala
2024.04.19 08:58:55 WARN  no build target for: /home/hermandi21/Schreibtisch/AIN3/ConnectFour/connectfour/src/main/scala/model/Playground.scala
2024.04.19 08:59:45 WARN  no build target for: /home/hermandi21/Schreibtisch/AIN3/ConnectFour/connectfour/src/test/scala/model/PlayerSpec.scala
2024.04.19 08:59:54 WARN  no build target for: /home/hermandi21/Schreibtisch/AIN3/ConnectFour/connectfour/src/test/scala/model/Playground.scala
2024.04.19 09:00:08 WARN  no build target for: /home/hermandi21/Schreibtisch/AIN3/ConnectFour/connectfour/src/test/scala/model/PlayerSpec.scala
2024.04.19 09:00:19 WARN  no build target for: /home/hermandi21/Schreibtisch/AIN3/ConnectFour/connectfour/src/test/scala/model/Playground.scala
2024.04.19 09:00:32 WARN  no build target for: /home/hermandi21/Schreibtisch/AIN3/ConnectFour/connectfour/src/test/scala/MySuite.scala
2024.04.19 09:00:50 WARN  no build target for: /home/hermandi21/Schreibtisch/AIN3/ConnectFour/connectfour/build.sbt
2024.04.19 09:01:45 WARN  no build target for: /home/hermandi21/Schreibtisch/AIN3/ConnectFour/connectfour/src/main/scala/worksheet.worksheet.sc
2024.04.19 09:01:56 WARN  no build target for: /home/hermandi21/Schreibtisch/AIN3/ConnectFour/connectfour/src/main/scala/worksheet.worksheet.sc
2024.04.19 09:02:16 WARN  no build target for: /home/hermandi21/Schreibtisch/AIN3/ConnectFour/connectfour/src/main/scala/worksheet.worksheet.sc
2024.04.19 09:02:18 INFO  time: evaluated worksheet 'worksheet.worksheet.sc' in 22s
[31merror[39m: connectfour/src/main/scala/worksheet.worksheet.sc:9:1: 
Not found: b
b._1 //1.Element -> Thu Ha
^
[31merror[39m: connectfour/src/main/scala/worksheet.worksheet.sc:10:1: 
Not found: b
b._2
^
[31merror[39m: connectfour/src/main/scala/worksheet.worksheet.sc:12:1: 
Not found: c
c._2
^
2024.04.19 09:02:23 INFO  time: evaluated worksheet 'worksheet.worksheet.sc' in 4.71s
2024.04.19 09:02:35 INFO  no build target found for /home/hermandi21/Schreibtisch/AIN3/ConnectFour/connectfour/src/main/scala/worksheet.worksheet.sc. Using presentation compiler with project's scala-library version: 3.3.3
2024.04.19 09:38:01 WARN  no build target for: /home/hermandi21/Schreibtisch/AIN3/ConnectFour/connectfour/build.sbt
2024.04.19 09:38:48 WARN  no build target for: /home/hermandi21/Schreibtisch/AIN3/ConnectFour/connectfour/build.sbt
2024.04.19 09:39:20 WARN  no build target for: /home/hermandi21/Schreibtisch/AIN3/ConnectFour/connectfour/build.sbt
2024.04.19 09:39:46 WARN  no build target for: /home/hermandi21/Schreibtisch/AIN3/ConnectFour/connectfour/build.sbt
2024.04.19 09:40:41 WARN  no build target for: /home/hermandi21/Schreibtisch/AIN3/ConnectFour/connectfour/build.sbt
2024.04.19 09:41:03 WARN  no build target for: /home/hermandi21/Schreibtisch/AIN3/ConnectFour/connectfour/build.sbt
Apr. 19, 2024 9:44:18 AM org.eclipse.lsp4j.jsonrpc.services.GenericEndpoint notify
INFORMATION: Unsupported notification method: $/setTrace
2024.04.19 09:46:05 WARN  no build target for: /home/hermandi21/Schreibtisch/AIN3/ConnectFour/connectfour/project/plugins.sbt.scala
2024.04.19 09:46:06 WARN  Could not find semantic tokens for: file:///home/hermandi21/Schreibtisch/AIN3/ConnectFour/connectfour/project/plugins.sbt.scala
2024.04.19 09:46:12 WARN  Could not find semantic tokens for: file:///home/hermandi21/Schreibtisch/AIN3/ConnectFour/connectfour/project/plugins.sbt
2024.04.19 09:46:15 WARN  Could not find semantic tokens for: file:///home/hermandi21/Schreibtisch/AIN3/ConnectFour/connectfour/project/plugins.sbt
2024.04.19 09:46:34 WARN  Could not find semantic tokens for: file:///home/hermandi21/Schreibtisch/AIN3/ConnectFour/connectfour/project/plugins.sbt
2024.04.19 09:46:36 WARN  Could not find semantic tokens for: file:///home/hermandi21/Schreibtisch/AIN3/ConnectFour/connectfour/project/plugins.sbt
2024.04.19 09:46:37 WARN  Could not find semantic tokens for: file:///home/hermandi21/Schreibtisch/AIN3/ConnectFour/connectfour/project/plugins.sbt
2024.04.19 09:46:39 WARN  Could not find semantic tokens for: file:///home/hermandi21/Schreibtisch/AIN3/ConnectFour/connectfour/project/plugins.sbt
2024.04.19 09:46:46 WARN  Could not find semantic tokens for: file:///home/hermandi21/Schreibtisch/AIN3/ConnectFour/connectfour/project/plugins.sbt
2024.04.19 09:46:47 WARN  Could not find semantic tokens for: file:///home/hermandi21/Schreibtisch/AIN3/ConnectFour/connectfour/project/plugins.sbt
2024.04.19 09:46:48 WARN  no build target for: /home/hermandi21/Schreibtisch/AIN3/ConnectFour/connectfour/project/plugins.sbt
2024.04.19 09:46:48 WARN  Could not find semantic tokens for: file:///home/hermandi21/Schreibtisch/AIN3/ConnectFour/connectfour/project/plugins.sbt
2024.04.19 09:47:02 WARN  Could not find semantic tokens for: file:///home/hermandi21/Schreibtisch/AIN3/ConnectFour/connectfour/project/plugins.sbt
2024.04.19 09:47:02 WARN  Could not find semantic tokens for: file:///home/hermandi21/Schreibtisch/AIN3/ConnectFour/connectfour/project/plugins.sbt
2024.04.19 09:47:03 WARN  no build target for: /home/hermandi21/Schreibtisch/AIN3/ConnectFour/connectfour/project/plugins.sbt
2024.04.19 09:47:02 WARN  Could not find semantic tokens for: file:///home/hermandi21/Schreibtisch/AIN3/ConnectFour/connectfour/project/plugins.sbt
2024.04.19 09:47:24 WARN  Could not find semantic tokens for: file:///home/hermandi21/Schreibtisch/AIN3/ConnectFour/connectfour/project/plugins.sbt
2024.04.19 09:47:53 WARN  no build target for: /home/hermandi21/Schreibtisch/AIN3/ConnectFour/connectfour/project/plugins.sbt
2024.04.19 09:48:19 INFO  running '/usr/bin/sbt -Dbloop.export-jar-classifiers=sources bloopInstall'
2024.04.19 09:48:25 INFO  [info] welcome to sbt 1.9.9 (AdoptOpenJDK Java 11.0.11)
2024.04.19 09:48:29 WARN  Could not find semantic tokens for: file:///home/hermandi21/Schreibtisch/AIN3/ConnectFour/connectfour/project/metals.sbt
2024.04.19 09:48:32 INFO  [info] loading settings for project connectfour-build-build-build from metals.sbt ...
2024.04.19 09:48:33 INFO  [info] loading project definition from /home/hermandi21/Schreibtisch/AIN3/ConnectFour/connectfour/project/project/project
2024.04.19 09:48:34 WARN  Could not find semantic tokens for: file:///home/hermandi21/Schreibtisch/AIN3/ConnectFour/connectfour/project/plugins.sbt
2024.04.19 09:48:37 INFO  [info] loading settings for project connectfour-build-build from metals.sbt ...
2024.04.19 09:48:37 INFO  [info] loading project definition from /home/hermandi21/Schreibtisch/AIN3/ConnectFour/connectfour/project/project
2024.04.19 09:48:41 WARN  Could not find semantic tokens for: file:///home/hermandi21/Schreibtisch/AIN3/ConnectFour/connectfour/project/metals.sbt
2024.04.19 09:48:43 WARN  Could not find semantic tokens for: file:///home/hermandi21/Schreibtisch/AIN3/ConnectFour/connectfour/project/metals.sbt
2024.04.19 09:48:43 INFO  [success] Generated .bloop/connectfour-build-build.json
2024.04.19 09:48:43 INFO  [success] Total time: 6 s, completed 19.04.2024, 09:48:43
2024.04.19 09:48:43 WARN  Could not find semantic tokens for: file:///home/hermandi21/Schreibtisch/AIN3/ConnectFour/connectfour/project/metals.sbt
2024.04.19 09:48:45 INFO  [info] loading settings for project connectfour-build from metals.sbt,plugins.sbt ...
2024.04.19 09:48:45 INFO  [info] loading project definition from /home/hermandi21/Schreibtisch/AIN3/ConnectFour/connectfour/project
2024.04.19 09:48:49 WARN  Could not find semantic tokens for: file:///home/hermandi21/Schreibtisch/AIN3/ConnectFour/connectfour/project/metals.sbt
2024.04.19 09:48:52 WARN  no build target for: /home/hermandi21/Schreibtisch/AIN3/ConnectFour/connectfour/project/metals.sbt
2024.04.19 09:48:52 INFO  [warn] 
2024.04.19 09:48:52 INFO  [warn] 	Note: Some unresolved dependencies have extra attributes.  Check that these dependencies exist with the requested attributes.
2024.04.19 09:48:52 INFO  [warn] 		org.scoverage:sbt-scoverage:3.2.1 (sbtVersion=1.0, scalaVersion=2.12)
2024.04.19 09:48:52 INFO  [warn] 
2024.04.19 09:48:52 INFO  [warn] 	Note: Unresolved dependencies path:
2024.04.19 09:48:52 INFO  [error] Couldn't run bloopGenerate. The issue could be caused by failing to compile the project.
2024.04.19 09:48:52 INFO  [error] sbt.librarymanagement.ResolveException: Error downloading org.scoverage:sbt-scoverage;sbtVersion=1.0;scalaVersion=2.12:3.2.1
2024.04.19 09:48:52 INFO  [error]   Not found
2024.04.19 09:48:52 INFO  [error]   Not found
2024.04.19 09:48:52 INFO  [error]   not found: https://repo1.maven.org/maven2/org/scoverage/sbt-scoverage_2.12_1.0/3.2.1/sbt-scoverage-3.2.1.pom
2024.04.19 09:48:52 INFO  [error]   not found: /home/hermandi21/.ivy2/localorg.scoverage/sbt-scoverage/scala_2.12/sbt_1.0/3.2.1/ivys/ivy.xml
2024.04.19 09:48:52 INFO  [error]   not found: https://repo.scala-sbt.org/scalasbt/sbt-plugin-releases/org.scoverage/sbt-scoverage/scala_2.12/sbt_1.0/3.2.1/ivys/ivy.xml
2024.04.19 09:48:52 INFO  [error]   not found: https://repo.typesafe.com/typesafe/ivy-releases/org.scoverage/sbt-scoverage/scala_2.12/sbt_1.0/3.2.1/ivys/ivy.xml
2024.04.19 09:48:52 INFO  [error] 	at lmcoursier.CoursierDependencyResolution.unresolvedWarningOrThrow(CoursierDependencyResolution.scala:344)
2024.04.19 09:48:52 INFO  [error] 	at lmcoursier.CoursierDependencyResolution.$anonfun$update$38(CoursierDependencyResolution.scala:313)
2024.04.19 09:48:52 INFO  [error] 	at scala.util.Either$LeftProjection.map(Either.scala:573)
2024.04.19 09:48:52 INFO  [error] 	at lmcoursier.CoursierDependencyResolution.update(CoursierDependencyResolution.scala:313)
2024.04.19 09:48:52 INFO  [error] 	at sbt.librarymanagement.DependencyResolution.update(DependencyResolution.scala:60)
2024.04.19 09:48:52 INFO  [error] 	at sbt.internal.LibraryManagement$.resolve$1(LibraryManagement.scala:60)
2024.04.19 09:48:52 INFO  [error] 	at sbt.internal.LibraryManagement$.$anonfun$cachedUpdate$12(LibraryManagement.scala:134)
2024.04.19 09:48:52 INFO  [error] 	at sbt.util.Tracked$.$anonfun$lastOutput$1(Tracked.scala:74)
2024.04.19 09:48:52 INFO  [error] 	at sbt.internal.LibraryManagement$.$anonfun$cachedUpdate$20(LibraryManagement.scala:147)
2024.04.19 09:48:52 INFO  [error] 	at scala.util.control.Exception$Catch.apply(Exception.scala:228)
2024.04.19 09:48:52 INFO  [error] 	at sbt.internal.LibraryManagement$.$anonfun$cachedUpdate$11(LibraryManagement.scala:147)
2024.04.19 09:48:52 INFO  [error] 	at sbt.internal.LibraryManagement$.$anonfun$cachedUpdate$11$adapted(LibraryManagement.scala:128)
2024.04.19 09:48:52 INFO  [error] 	at sbt.util.Tracked$.$anonfun$inputChangedW$1(Tracked.scala:220)
2024.04.19 09:48:52 INFO  [error] 	at sbt.internal.LibraryManagement$.cachedUpdate(LibraryManagement.scala:161)
2024.04.19 09:48:52 INFO  [error] 	at sbt.Classpaths$.$anonfun$updateTask0$1(Defaults.scala:3801)
2024.04.19 09:48:52 INFO  [error] 	at scala.Function1.$anonfun$compose$1(Function1.scala:49)
2024.04.19 09:48:52 INFO  [error] 	at sbt.internal.util.$tilde$greater.$anonfun$$u2219$1(TypeFunctions.scala:63)
2024.04.19 09:48:52 INFO  [error] 	at sbt.std.Transform$$anon$4.work(Transform.scala:69)
2024.04.19 09:48:52 INFO  [error] 	at sbt.Execute.$anonfun$submit$2(Execute.scala:283)
2024.04.19 09:48:52 INFO  [error] 	at sbt.internal.util.ErrorHandling$.wideConvert(ErrorHandling.scala:24)
2024.04.19 09:48:52 INFO  [error] 	at sbt.Execute.work(Execute.scala:292)
2024.04.19 09:48:52 INFO  [error] 	at sbt.Execute.$anonfun$submit$1(Execute.scala:283)
2024.04.19 09:48:52 INFO  [error] 	at sbt.ConcurrentRestrictions$$anon$4.$anonfun$submitValid$1(ConcurrentRestrictions.scala:265)
2024.04.19 09:48:52 INFO  [error] 	at sbt.CompletionService$$anon$2.call(CompletionService.scala:65)
2024.04.19 09:48:52 INFO  [error] 	at java.base/java.util.concurrent.FutureTask.run(FutureTask.java:264)
2024.04.19 09:48:52 INFO  [error] 	at java.base/java.util.concurrent.Executors$RunnableAdapter.call(Executors.java:515)
2024.04.19 09:48:52 INFO  [error] 	at java.base/java.util.concurrent.FutureTask.run(FutureTask.java:264)
2024.04.19 09:48:52 INFO  [error] 	at java.base/java.util.concurrent.ThreadPoolExecutor.runWorker(ThreadPoolExecutor.java:1128)
2024.04.19 09:48:52 INFO  [error] 	at java.base/java.util.concurrent.ThreadPoolExecutor$Worker.run(ThreadPoolExecutor.java:628)
2024.04.19 09:48:52 INFO  [error] 	at java.base/java.lang.Thread.run(Thread.java:829)
2024.04.19 09:48:52 INFO  [error] (update) sbt.librarymanagement.ResolveException: Error downloading org.scoverage:sbt-scoverage;sbtVersion=1.0;scalaVersion=2.12:3.2.1
2024.04.19 09:48:52 INFO  [error]   Not found
2024.04.19 09:48:52 INFO  [error]   Not found
2024.04.19 09:48:52 INFO  [error]   not found: https://repo1.maven.org/maven2/org/scoverage/sbt-scoverage_2.12_1.0/3.2.1/sbt-scoverage-3.2.1.pom
2024.04.19 09:48:52 INFO  [error]   not found: /home/hermandi21/.ivy2/localorg.scoverage/sbt-scoverage/scala_2.12/sbt_1.0/3.2.1/ivys/ivy.xml
2024.04.19 09:48:52 INFO  [error]   not found: https://repo.scala-sbt.org/scalasbt/sbt-plugin-releases/org.scoverage/sbt-scoverage/scala_2.12/sbt_1.0/3.2.1/ivys/ivy.xml
2024.04.19 09:48:52 INFO  [error]   not found: https://repo.typesafe.com/typesafe/ivy-releases/org.scoverage/sbt-scoverage/scala_2.12/sbt_1.0/3.2.1/ivys/ivy.xml
2024.04.19 09:48:52 INFO  [error] Total time: 7 s, completed 19.04.2024, 09:48:53
2024.04.19 09:48:52 INFO  [warn] Project loading failed: (r)etry, (q)uit, (l)ast, or (i)gnore? (default: r)
2024.04.19 09:48:53 WARN  Could not find semantic tokens for: file:///home/hermandi21/Schreibtisch/AIN3/ConnectFour/connectfour/project/plugins.sbt
2024.04.19 09:49:00 INFO  [warn] 
2024.04.19 09:49:00 INFO  [warn] 	Note: Some unresolved dependencies have extra attributes.  Check that these dependencies exist with the requested attributes.
2024.04.19 09:49:00 INFO  [warn] 		org.scoverage:sbt-scoverage:3.2.1 (sbtVersion=1.0, scalaVersion=2.12)
2024.04.19 09:49:00 INFO  [warn] 
2024.04.19 09:49:00 INFO  [warn] 	Note: Unresolved dependencies path:
2024.04.19 09:49:00 INFO  [error] sbt.librarymanagement.ResolveException: Error downloading org.scoverage:sbt-scoverage;sbtVersion=1.0;scalaVersion=2.12:3.2.1
2024.04.19 09:49:00 INFO  [error]   Not found
2024.04.19 09:49:00 INFO  [error]   Not found
2024.04.19 09:49:00 INFO  [error]   not found: https://repo1.maven.org/maven2/org/scoverage/sbt-scoverage_2.12_1.0/3.2.1/sbt-scoverage-3.2.1.pom
2024.04.19 09:49:00 INFO  [error]   not found: /home/hermandi21/.ivy2/localorg.scoverage/sbt-scoverage/scala_2.12/sbt_1.0/3.2.1/ivys/ivy.xml
2024.04.19 09:49:00 INFO  [error]   not found: https://repo.scala-sbt.org/scalasbt/sbt-plugin-releases/org.scoverage/sbt-scoverage/scala_2.12/sbt_1.0/3.2.1/ivys/ivy.xml
2024.04.19 09:49:00 INFO  [error]   not found: https://repo.typesafe.com/typesafe/ivy-releases/org.scoverage/sbt-scoverage/scala_2.12/sbt_1.0/3.2.1/ivys/ivy.xml
2024.04.19 09:49:00 INFO  [error] 	at lmcoursier.CoursierDependencyResolution.unresolvedWarningOrThrow(CoursierDependencyResolution.scala:344)
2024.04.19 09:49:00 INFO  [error] 	at lmcoursier.CoursierDependencyResolution.$anonfun$update$38(CoursierDependencyResolution.scala:313)
2024.04.19 09:49:00 INFO  [error] 	at scala.util.Either$LeftProjection.map(Either.scala:573)
2024.04.19 09:49:00 INFO  [error] 	at lmcoursier.CoursierDependencyResolution.update(CoursierDependencyResolution.scala:313)
2024.04.19 09:49:00 INFO  [error] 	at sbt.librarymanagement.DependencyResolution.update(DependencyResolution.scala:60)
2024.04.19 09:49:00 INFO  [error] 	at sbt.internal.LibraryManagement$.resolve$1(LibraryManagement.scala:60)
2024.04.19 09:49:00 INFO  [error] 	at sbt.internal.LibraryManagement$.$anonfun$cachedUpdate$12(LibraryManagement.scala:134)
2024.04.19 09:49:00 INFO  [error] 	at sbt.util.Tracked$.$anonfun$lastOutput$1(Tracked.scala:74)
2024.04.19 09:49:00 INFO  [error] 	at sbt.internal.LibraryManagement$.$anonfun$cachedUpdate$20(LibraryManagement.scala:147)
2024.04.19 09:49:00 INFO  [error] 	at scala.util.control.Exception$Catch.apply(Exception.scala:228)
2024.04.19 09:49:00 INFO  [error] 	at sbt.internal.LibraryManagement$.$anonfun$cachedUpdate$11(LibraryManagement.scala:147)
2024.04.19 09:49:00 INFO  [error] 	at sbt.internal.LibraryManagement$.$anonfun$cachedUpdate$11$adapted(LibraryManagement.scala:128)
2024.04.19 09:49:00 INFO  [error] 	at sbt.util.Tracked$.$anonfun$inputChangedW$1(Tracked.scala:220)
2024.04.19 09:49:00 INFO  [error] 	at sbt.internal.LibraryManagement$.cachedUpdate(LibraryManagement.scala:161)
2024.04.19 09:49:00 INFO  [error] 	at sbt.Classpaths$.$anonfun$updateTask0$1(Defaults.scala:3801)
2024.04.19 09:49:00 INFO  [error] 	at scala.Function1.$anonfun$compose$1(Function1.scala:49)
2024.04.19 09:49:00 INFO  [error] 	at sbt.internal.util.$tilde$greater.$anonfun$$u2219$1(TypeFunctions.scala:63)
2024.04.19 09:49:00 INFO  [error] 	at sbt.std.Transform$$anon$4.work(Transform.scala:69)
2024.04.19 09:49:00 INFO  [error] 	at sbt.Execute.$anonfun$submit$2(Execute.scala:283)
2024.04.19 09:49:00 INFO  [error] 	at sbt.internal.util.ErrorHandling$.wideConvert(ErrorHandling.scala:24)
2024.04.19 09:49:00 INFO  [error] 	at sbt.Execute.work(Execute.scala:292)
2024.04.19 09:49:00 INFO  [error] 	at sbt.Execute.$anonfun$submit$1(Execute.scala:283)
2024.04.19 09:49:00 INFO  [error] 	at sbt.ConcurrentRestrictions$$anon$4.$anonfun$submitValid$1(ConcurrentRestrictions.scala:265)
2024.04.19 09:49:00 INFO  [error] 	at sbt.CompletionService$$anon$2.call(CompletionService.scala:65)
2024.04.19 09:49:00 INFO  [error] 	at java.base/java.util.concurrent.FutureTask.run(FutureTask.java:264)
2024.04.19 09:49:00 INFO  [error] 	at java.base/java.util.concurrent.Executors$RunnableAdapter.call(Executors.java:515)
2024.04.19 09:49:00 INFO  [error] 	at java.base/java.util.concurrent.FutureTask.run(FutureTask.java:264)
2024.04.19 09:49:00 INFO  [error] 	at java.base/java.util.concurrent.ThreadPoolExecutor.runWorker(ThreadPoolExecutor.java:1128)
2024.04.19 09:49:00 INFO  [error] 	at java.base/java.util.concurrent.ThreadPoolExecutor$Worker.run(ThreadPoolExecutor.java:628)
2024.04.19 09:49:00 INFO  [error] 	at java.base/java.lang.Thread.run(Thread.java:829)
2024.04.19 09:49:00 INFO  [error] (update) sbt.librarymanagement.ResolveException: Error downloading org.scoverage:sbt-scoverage;sbtVersion=1.0;scalaVersion=2.12:3.2.1
2024.04.19 09:49:00 INFO  [error]   Not found
2024.04.19 09:49:00 INFO  [error]   Not found
2024.04.19 09:49:00 INFO  [error]   not found: https://repo1.maven.org/maven2/org/scoverage/sbt-scoverage_2.12_1.0/3.2.1/sbt-scoverage-3.2.1.pom
2024.04.19 09:49:00 INFO  [error]   not found: /home/hermandi21/.ivy2/localorg.scoverage/sbt-scoverage/scala_2.12/sbt_1.0/3.2.1/ivys/ivy.xml
2024.04.19 09:49:00 INFO  [error]   not found: https://repo.scala-sbt.org/scalasbt/sbt-plugin-releases/org.scoverage/sbt-scoverage/scala_2.12/sbt_1.0/3.2.1/ivys/ivy.xml
2024.04.19 09:49:00 INFO  [error]   not found: https://repo.typesafe.com/typesafe/ivy-releases/org.scoverage/sbt-scoverage/scala_2.12/sbt_1.0/3.2.1/ivys/ivy.xml
2024.04.19 09:49:00 INFO  [warn] Project loading failed: (r)etry, (q)uit, (l)ast, or (i)gnore? (default: r)
2024.04.19 09:49:00 INFO  time: ran 'sbt bloopInstall' in 40s
2024.04.19 09:49:00 ERROR sbt command failed: /usr/bin/sbt -Dbloop.export-jar-classifiers=sources bloopInstall
2024.04.19 09:49:00 WARN  no build target for: /home/hermandi21/Schreibtisch/AIN3/ConnectFour/connectfour/src/main/scala/worksheet.worksheet.sc
2024.04.19 09:49:00 WARN  no build target for: /home/hermandi21/Schreibtisch/AIN3/ConnectFour/connectfour/src/main/scala/worksheet.worksheet.sc
2024.04.19 09:49:00 WARN  no build target for: /home/hermandi21/Schreibtisch/AIN3/ConnectFour/connectfour/src/main/scala/worksheet.worksheet.sc
2024.04.19 09:49:00 WARN  no build target for: /home/hermandi21/Schreibtisch/AIN3/ConnectFour/connectfour/src/main/scala/worksheet.worksheet.sc
2024.04.19 09:49:00 WARN  Could not find semantic tokens for: file:///home/hermandi21/Schreibtisch/AIN3/ConnectFour/connectfour/project/plugins.sbt
2024.04.19 09:49:00 WARN  no build target for: /home/hermandi21/Schreibtisch/AIN3/ConnectFour/connectfour/src/main/scala/worksheet.worksheet.sc
2024.04.19 09:49:01 WARN  Could not find semantic tokens for: file:///home/hermandi21/Schreibtisch/AIN3/ConnectFour/connectfour/project/plugins.sbt
2024.04.19 09:49:13 WARN  Could not find semantic tokens for: file:///home/hermandi21/Schreibtisch/AIN3/ConnectFour/connectfour/project/plugins.sbt
2024.04.19 09:49:14 WARN  Could not find semantic tokens for: file:///home/hermandi21/Schreibtisch/AIN3/ConnectFour/connectfour/project/metals.sbt
2024.04.19 09:49:17 WARN  Could not find semantic tokens for: file:///home/hermandi21/Schreibtisch/AIN3/ConnectFour/connectfour/project/metals.sbt
2024.04.19 09:49:18 WARN  Could not find semantic tokens for: file:///home/hermandi21/Schreibtisch/AIN3/ConnectFour/connectfour/project/metals.sbt
2024.04.19 09:49:18 WARN  no build target for: /home/hermandi21/Schreibtisch/AIN3/ConnectFour/connectfour/project/metals.sbt
2024.04.19 09:49:20 WARN  Could not find semantic tokens for: file:///home/hermandi21/Schreibtisch/AIN3/ConnectFour/connectfour/project/plugins.sbt
2024.04.19 09:49:20 WARN  Could not find semantic tokens for: file:///home/hermandi21/Schreibtisch/AIN3/ConnectFour/connectfour/project/plugins.sbt
2024.04.19 09:49:20 WARN  Could not find semantic tokens for: file:///home/hermandi21/Schreibtisch/AIN3/ConnectFour/connectfour/project/metals.sbt
2024.04.19 09:49:22 INFO  running '/usr/bin/sbt -Dbloop.export-jar-classifiers=sources bloopInstall'
2024.04.19 09:49:23 WARN  Could not find semantic tokens for: file:///home/hermandi21/Schreibtisch/AIN3/ConnectFour/connectfour/project/metals.sbt
2024.04.19 09:49:26 INFO  [info] welcome to sbt 1.9.9 (AdoptOpenJDK Java 11.0.11)
2024.04.19 09:49:28 INFO  [info] loading settings for project connectfour-build-build-build from metals.sbt ...
2024.04.19 09:49:30 INFO  [info] loading project definition from /home/hermandi21/Schreibtisch/AIN3/ConnectFour/connectfour/project/project/project
2024.04.19 09:49:32 INFO  [info] loading settings for project connectfour-build-build from metals.sbt ...
2024.04.19 09:49:32 INFO  [info] loading project definition from /home/hermandi21/Schreibtisch/AIN3/ConnectFour/connectfour/project/project
2024.04.19 09:49:37 INFO  [success] Generated .bloop/connectfour-build-build.json
2024.04.19 09:49:37 INFO  [success] Total time: 5 s, completed 19.04.2024, 09:49:37
2024.04.19 09:49:37 INFO  [info] loading settings for project connectfour-build from metals.sbt ...
2024.04.19 09:49:37 INFO  [info] loading project definition from /home/hermandi21/Schreibtisch/AIN3/ConnectFour/connectfour/project
2024.04.19 09:49:40 INFO  [success] Generated .bloop/connectfour-build.json
2024.04.19 09:49:40 INFO  [success] Total time: 2 s, completed 19.04.2024, 09:49:40
2024.04.19 09:49:44 INFO  [info] loading settings for project root from build.sbt ...
2024.04.19 09:49:44 INFO  [info] set current project to connectfour (in build file:/home/hermandi21/Schreibtisch/AIN3/ConnectFour/connectfour/)
2024.04.19 09:49:49 INFO  [success] Generated .bloop/root.json
2024.04.19 09:49:49 INFO  [success] Generated .bloop/root-test.json
2024.04.19 09:49:49 INFO  [success] Total time: 4 s, completed 19.04.2024, 09:49:49
2024.04.19 09:49:49 INFO  time: ran 'sbt bloopInstall' in 27s
2024.04.19 09:49:49 INFO  Attempting to connect to the build server...
2024.04.19 09:49:49 INFO  tracing is disabled for protocol BSP, to enable tracing of incoming and outgoing JSON messages create an empty file at /home/hermandi21/Schreibtisch/AIN3/ConnectFour/.metals/bsp.trace.json or /home/hermandi21/.cache/metals/bsp.trace.json
2024.04.19 09:49:49 INFO  time: Connected to build server in 0.48s
2024.04.19 09:49:49 INFO  Connected to Build server: Bloop v1.5.17
2024.04.19 09:49:49 INFO  time: Imported build in 0.11s
2024.04.19 09:49:56 ERROR error processing file:///home/hermandi21/.cache/coursier/v1/https/repo1.maven.org/maven2/org/scalatest/scalatest-core_3/3.2.10/scalatest-core_3-3.2.10-sources.jar
org.h2.jdbc.JdbcBatchUpdateException: Eindeutiger Index oder Prim√§rschl√ºssel verletzt: "PUBLIC.PRIMARY_KEY_3 ON PUBLIC.TOPLEVEL_SYMBOL(JAR, PATH, SYMBOL) VALUES ( /* key:3188 */ 4, '/org/scalatest/enablers/TableAsserting.scala', 'org/scalatest/enablers/ForResult#')"
Unique index or primary key violation: "PUBLIC.PRIMARY_KEY_3 ON PUBLIC.TOPLEVEL_SYMBOL(JAR, PATH, SYMBOL) VALUES ( /* key:3188 */ 4, '/org/scalatest/enablers/TableAsserting.scala', 'org/scalatest/enablers/ForResult#')"; SQL statement:
insert into toplevel_symbol (symbol, path, jar) values (?, ?, ?) [23505-224]
	at org.h2.jdbc.JdbcPreparedStatement.executeBatch(JdbcPreparedStatement.java:1282)
	at scala.meta.internal.metals.JarTopLevels.putToplevels(JarTopLevels.scala:177)
	at scala.meta.internal.metals.JarTopLevels.putJarIndexingInfo(JarTopLevels.scala:128)
	at scala.meta.internal.metals.Indexer.addSourceJarSymbols(Indexer.scala:657)
	at scala.meta.internal.metals.Indexer.$anonfun$indexDependencySources$5(Indexer.scala:487)
	at scala.collection.IterableOnceOps.foreach(IterableOnce.scala:619)
	at scala.collection.IterableOnceOps.foreach$(IterableOnce.scala:617)
	at scala.collection.AbstractIterable.foreach(Iterable.scala:935)
	at scala.collection.IterableOps$WithFilter.foreach(Iterable.scala:905)
	at scala.meta.internal.metals.Indexer.$anonfun$indexDependencySources$1(Indexer.scala:478)
	at scala.meta.internal.metals.Indexer.$anonfun$indexDependencySources$1$adapted(Indexer.scala:477)
	at scala.collection.IterableOnceOps.foreach(IterableOnce.scala:619)
	at scala.collection.IterableOnceOps.foreach$(IterableOnce.scala:617)
	at scala.collection.AbstractIterable.foreach(Iterable.scala:935)
	at scala.meta.internal.metals.Indexer.indexDependencySources(Indexer.scala:477)
	at scala.meta.internal.metals.Indexer.$anonfun$indexWorkspace$24(Indexer.scala:396)
	at scala.runtime.java8.JFunction0$mcV$sp.apply(JFunction0$mcV$sp.scala:18)
	at scala.meta.internal.metals.TimerProvider.timedThunk(TimerProvider.scala:25)
	at scala.meta.internal.metals.Indexer.$anonfun$indexWorkspace$23(Indexer.scala:389)
	at scala.meta.internal.metals.Indexer.$anonfun$indexWorkspace$23$adapted(Indexer.scala:385)
	at scala.collection.immutable.List.foreach(List.scala:334)
	at scala.meta.internal.metals.Indexer.indexWorkspace(Indexer.scala:385)
	at scala.meta.internal.metals.Indexer.$anonfun$profiledIndexWorkspace$2(Indexer.scala:172)
	at scala.runtime.java8.JFunction0$mcV$sp.apply(JFunction0$mcV$sp.scala:18)
	at scala.meta.internal.metals.TimerProvider.timedThunk(TimerProvider.scala:25)
	at scala.meta.internal.metals.Indexer.$anonfun$profiledIndexWorkspace$1(Indexer.scala:172)
	at scala.runtime.java8.JFunction0$mcV$sp.apply(JFunction0$mcV$sp.scala:18)
	at scala.concurrent.Future$.$anonfun$apply$1(Future.scala:687)
	at scala.concurrent.impl.Promise$Transformation.run(Promise.scala:467)
	at java.util.concurrent.ThreadPoolExecutor.runWorker(ThreadPoolExecutor.java:1136)
	at java.util.concurrent.ThreadPoolExecutor$Worker.run(ThreadPoolExecutor.java:635)
	at java.lang.Thread.run(Thread.java:840)

2024.04.19 09:49:56 INFO  time: indexed workspace in 6.95s
2024.04.19 09:49:57 WARN  no build target for: /home/hermandi21/Schreibtisch/AIN3/ConnectFour/connectfour/build.sbt
2024.04.19 09:49:57 WARN  no build target for: /home/hermandi21/Schreibtisch/AIN3/ConnectFour/connectfour/project/metals.sbt
2024.04.19 09:50:13 WARN  Could not find semantic tokens for: file:///home/hermandi21/Schreibtisch/AIN3/ConnectFour/connectfour/project/metals.sbt
2024.04.19 09:50:13 INFO  time: code lens generation in 15s
2024.04.19 09:50:30 INFO  skipping build import with status 'Installed'
2024.04.19 09:50:30 WARN  no build target for: /home/hermandi21/Schreibtisch/AIN3/ConnectFour/connectfour/project/plugins.scala
2024.04.19 09:50:30 INFO  Disconnecting from Bloop session...
2024.04.19 09:50:30 WARN  Could not find semantic tokens for: file:///home/hermandi21/Schreibtisch/AIN3/ConnectFour/connectfour/project/metals.sbt
2024.04.19 09:50:30 INFO  Shut down connection with build server.
2024.04.19 09:50:30 INFO  Attempting to connect to the build server...
2024.04.19 09:50:30 INFO  tracing is disabled for protocol BSP, to enable tracing of incoming and outgoing JSON messages create an empty file at /home/hermandi21/Schreibtisch/AIN3/ConnectFour/.metals/bsp.trace.json or /home/hermandi21/.cache/metals/bsp.trace.json
2024.04.19 09:50:30 INFO  time: Connected to build server in 54ms
2024.04.19 09:50:30 INFO  Connected to Build server: Bloop v1.5.17
2024.04.19 09:50:33 INFO  time: indexed workspace in 2.54s
2024.04.19 09:50:33 WARN  no build target for: /home/hermandi21/Schreibtisch/AIN3/ConnectFour/connectfour/build.sbt
2024.04.19 09:50:33 WARN  no build target for: /home/hermandi21/Schreibtisch/AIN3/ConnectFour/connectfour/project/metals.sbt
2024.04.19 09:50:33 WARN  no build target for: /home/hermandi21/Schreibtisch/AIN3/ConnectFour/connectfour/project/plugins.scala
2024.04.19 09:50:46 INFO  no build target found for /home/hermandi21/Schreibtisch/AIN3/ConnectFour/connectfour/project/plugins.scala. Using presentation compiler with project's scala-library version: 3.3.3
2024.04.19 09:50:46 WARN  no build target for: /home/hermandi21/Schreibtisch/AIN3/ConnectFour/connectfour/project/plugins.scala
2024.04.19 09:50:46 WARN  Could not find semantic tokens for: file:///home/hermandi21/Schreibtisch/AIN3/ConnectFour/connectfour/project/metals.sbt
2024.04.19 09:50:46 INFO  time: code lens generation in 15s
2024.04.19 09:50:46 WARN  Could not find semantic tokens for: file:///home/hermandi21/Schreibtisch/AIN3/ConnectFour/connectfour/project/plugins.scala
2024.04.19 09:50:46 INFO  time: code lens generation in 12s
2024.04.19 09:50:49 WARN  Could not find semantic tokens for: file:///home/hermandi21/Schreibtisch/AIN3/ConnectFour/connectfour/project/Plugins.sbt
2024.04.19 09:50:54 INFO  skipping build import with status 'Installed'
2024.04.19 09:50:54 INFO  Disconnecting from Bloop session...
2024.04.19 09:50:54 WARN  no build target for: /home/hermandi21/Schreibtisch/AIN3/ConnectFour/connectfour/project/Plugins.sbt
2024.04.19 09:50:54 INFO  Shut down connection with build server.
2024.04.19 09:50:54 WARN  Could not find semantic tokens for: file:///home/hermandi21/Schreibtisch/AIN3/ConnectFour/connectfour/project/Plugins.sbt
2024.04.19 09:50:54 INFO  Attempting to connect to the build server...
2024.04.19 09:50:54 INFO  tracing is disabled for protocol BSP, to enable tracing of incoming and outgoing JSON messages create an empty file at /home/hermandi21/Schreibtisch/AIN3/ConnectFour/.metals/bsp.trace.json or /home/hermandi21/.cache/metals/bsp.trace.json
2024.04.19 09:50:54 INFO  time: Connected to build server in 44ms
2024.04.19 09:50:54 INFO  Connected to Build server: Bloop v1.5.17
2024.04.19 09:50:56 INFO  time: indexed workspace in 2.13s
2024.04.19 09:50:56 WARN  no build target for: /home/hermandi21/Schreibtisch/AIN3/ConnectFour/connectfour/build.sbt
2024.04.19 09:50:56 WARN  no build target for: /home/hermandi21/Schreibtisch/AIN3/ConnectFour/connectfour/project/metals.sbt
2024.04.19 09:51:08 INFO  no build target found for /home/hermandi21/Schreibtisch/AIN3/ConnectFour/connectfour/project/Plugins.sbt. Using presentation compiler with project's scala-library version: 3.3.3
Apr. 19, 2024 9:51:08 AM org.eclipse.lsp4j.jsonrpc.RemoteEndpoint handleCancellation
WARNUNG: Unmatched cancel notification for request id 1146
2024.04.19 09:51:08 WARN  Could not find semantic tokens for: file:///home/hermandi21/Schreibtisch/AIN3/ConnectFour/connectfour/project/plugins.sbt
Apr. 19, 2024 9:51:08 AM org.eclipse.lsp4j.jsonrpc.RemoteEndpoint handleCancellation
WARNUNG: Unmatched cancel notification for request id 1147
Apr. 19, 2024 9:51:08 AM org.eclipse.lsp4j.jsonrpc.RemoteEndpoint handleCancellation
WARNUNG: Unmatched cancel notification for request id 1150
Apr. 19, 2024 9:51:08 AM org.eclipse.lsp4j.jsonrpc.RemoteEndpoint handleCancellation
WARNUNG: Unmatched cancel notification for request id 1143
Apr. 19, 2024 9:51:08 AM org.eclipse.lsp4j.jsonrpc.RemoteEndpoint handleCancellation
WARNUNG: Unmatched cancel notification for request id 1151
Apr. 19, 2024 9:51:08 AM org.eclipse.lsp4j.jsonrpc.RemoteEndpoint handleCancellation
WARNUNG: Unmatched cancel notification for request id 1152
Apr. 19, 2024 9:51:08 AM org.eclipse.lsp4j.jsonrpc.RemoteEndpoint handleCancellation
WARNUNG: Unmatched cancel notification for request id 1162
Apr. 19, 2024 9:51:08 AM org.eclipse.lsp4j.jsonrpc.RemoteEndpoint handleCancellation
WARNUNG: Unmatched cancel notification for request id 1153
Apr. 19, 2024 9:51:08 AM org.eclipse.lsp4j.jsonrpc.RemoteEndpoint handleCancellation
WARNUNG: Unmatched cancel notification for request id 1157
Apr. 19, 2024 9:51:08 AM org.eclipse.lsp4j.jsonrpc.RemoteEndpoint handleCancellation
WARNUNG: Unmatched cancel notification for request id 1154
Apr. 19, 2024 9:51:08 AM org.eclipse.lsp4j.jsonrpc.RemoteEndpoint handleCancellation
WARNUNG: Unmatched cancel notification for request id 1155
Apr. 19, 2024 9:51:08 AM org.eclipse.lsp4j.jsonrpc.RemoteEndpoint handleCancellation
WARNUNG: Unmatched cancel notification for request id 1156
Apr. 19, 2024 9:51:09 AM org.eclipse.lsp4j.jsonrpc.RemoteEndpoint handleCancellation
WARNUNG: Unmatched cancel notification for request id 1164
Apr. 19, 2024 9:51:09 AM org.eclipse.lsp4j.jsonrpc.RemoteEndpoint handleCancellation
WARNUNG: Unmatched cancel notification for request id 1165
2024.04.19 09:51:09 WARN  Could not find semantic tokens for: file:///home/hermandi21/Schreibtisch/AIN3/ConnectFour/connectfour/project/plugins.sbt
2024.04.19 09:51:09 WARN  no build target for: /home/hermandi21/Schreibtisch/AIN3/ConnectFour/connectfour/project/plugins.sbt
2024.04.19 09:51:09 WARN  Could not find semantic tokens for: file:///home/hermandi21/Schreibtisch/AIN3/ConnectFour/connectfour/project/plugins.sbt
2024.04.19 09:51:11 INFO  running '/usr/bin/sbt -Dbloop.export-jar-classifiers=sources bloopInstall'
2024.04.19 09:51:15 INFO  [info] welcome to sbt 1.9.9 (AdoptOpenJDK Java 11.0.11)
2024.04.19 09:51:17 INFO  [info] loading settings for project connectfour-build-build-build from metals.sbt ...
2024.04.19 09:51:19 INFO  [info] loading project definition from /home/hermandi21/Schreibtisch/AIN3/ConnectFour/connectfour/project/project/project
2024.04.19 09:51:21 INFO  [info] loading settings for project connectfour-build-build from metals.sbt ...
2024.04.19 09:51:21 INFO  [info] loading project definition from /home/hermandi21/Schreibtisch/AIN3/ConnectFour/connectfour/project/project
2024.04.19 09:51:26 INFO  [success] Generated .bloop/connectfour-build-build.json
2024.04.19 09:51:26 INFO  [success] Total time: 5 s, completed 19.04.2024, 09:51:27
2024.04.19 09:51:31 INFO  [info] loading settings for project connectfour-build from metals.sbt,plugins.sbt ...
2024.04.19 09:51:31 INFO  [info] loading project definition from /home/hermandi21/Schreibtisch/AIN3/ConnectFour/connectfour/project
2024.04.19 09:51:40 INFO  [success] Generated .bloop/connectfour-build.json
2024.04.19 09:51:40 INFO  [success] Total time: 9 s, completed 19.04.2024, 09:51:40
2024.04.19 09:51:42 INFO  [info] loading settings for project root from build.sbt ...
2024.04.19 09:51:42 INFO  [info] set current project to connectfour (in build file:/home/hermandi21/Schreibtisch/AIN3/ConnectFour/connectfour/)
2024.04.19 09:51:43 INFO  [success] Generated .bloop/root-test.json
2024.04.19 09:51:43 INFO  [success] Generated .bloop/root.json
2024.04.19 09:51:43 INFO  [success] Total time: 1 s, completed 19.04.2024, 09:51:43
2024.04.19 09:51:44 INFO  time: ran 'sbt bloopInstall' in 32s
2024.04.19 09:51:44 INFO  Disconnecting from Bloop session...
2024.04.19 09:51:44 INFO  Shut down connection with build server.
2024.04.19 09:51:44 INFO  Attempting to connect to the build server...
2024.04.19 09:51:44 INFO  tracing is disabled for protocol BSP, to enable tracing of incoming and outgoing JSON messages create an empty file at /home/hermandi21/Schreibtisch/AIN3/ConnectFour/.metals/bsp.trace.json or /home/hermandi21/.cache/metals/bsp.trace.json
2024.04.19 09:51:44 INFO  time: Connected to build server in 51ms
2024.04.19 09:51:44 INFO  Connected to Build server: Bloop v1.5.17
2024.04.19 09:51:46 INFO  time: indexed workspace in 1.77s
2024.04.19 09:51:46 WARN  no build target for: /home/hermandi21/Schreibtisch/AIN3/ConnectFour/connectfour/project/plugins.sbt
2024.04.19 09:51:46 WARN  no build target for: /home/hermandi21/Schreibtisch/AIN3/ConnectFour/connectfour/build.sbt
2024.04.19 09:51:46 WARN  no build target for: /home/hermandi21/Schreibtisch/AIN3/ConnectFour/connectfour/project/metals.sbt
2024.04.19 09:51:57 WARN  Could not find semantic tokens for: file:///home/hermandi21/Schreibtisch/AIN3/ConnectFour/connectfour/project/plugins.sbt
2024.04.19 09:51:57 INFO  time: code lens generation in 11s
Apr. 19, 2024 9:52:48 AM org.eclipse.lsp4j.jsonrpc.RemoteEndpoint handleCancellation
WARNUNG: Unmatched cancel notification for request id 1181
2024.04.19 09:52:49 WARN  Could not find semantic tokens for: file:///home/hermandi21/Schreibtisch/AIN3/ConnectFour/connectfour/project/plugins.sbt
Apr. 19, 2024 9:55:06 AM org.eclipse.lsp4j.jsonrpc.RemoteEndpoint handleCancellation
WARNUNG: Unmatched cancel notification for request id 1192
2024.04.19 09:55:07 WARN  Could not find semantic tokens for: file:///home/hermandi21/Schreibtisch/AIN3/ConnectFour/connectfour/project/plugins.sbt
Apr. 19, 2024 9:56:14 AM org.eclipse.lsp4j.jsonrpc.RemoteEndpoint handleCancellation
WARNUNG: Unmatched cancel notification for request id 1202
2024.04.19 09:57:27 INFO  compiling root (3 scala sources)
Apr. 19, 2024 9:57:28 AM org.eclipse.lsp4j.jsonrpc.RemoteEndpoint handleCancellation
WARNUNG: Unmatched cancel notification for request id 1210
Apr. 19, 2024 9:57:28 AM org.eclipse.lsp4j.jsonrpc.RemoteEndpoint handleCancellation
WARNUNG: Unmatched cancel notification for request id 1211
Apr. 19, 2024 9:57:28 AM org.eclipse.lsp4j.jsonrpc.RemoteEndpoint handleCancellation
WARNUNG: Unmatched cancel notification for request id 1219
2024.04.19 09:57:33 INFO  time: compiled root in 5.98s
2024.04.19 09:57:35 INFO  time: code lens generation in 6.27s
Apr. 19, 2024 9:57:35 AM org.eclipse.lsp4j.jsonrpc.RemoteEndpoint handleCancellation
WARNUNG: Unmatched cancel notification for request id 1222
Apr. 19, 2024 9:57:35 AM org.eclipse.lsp4j.jsonrpc.RemoteEndpoint handleCancellation
WARNUNG: Unmatched cancel notification for request id 1226
Apr. 19, 2024 9:57:35 AM org.eclipse.lsp4j.jsonrpc.RemoteEndpoint handleCancellation
WARNUNG: Unmatched cancel notification for request id 1227
2024.05.09 11:18:23 INFO  Started: Metals version 1.3.0 in folders '/home/hermandi21/Schreibtisch/AIN3/ConnectFour' for client Code - OSS 1.90.0.
SLF4J: Class path contains multiple SLF4J providers.
SLF4J: Found provider [scribe.slf4j.ScribeServiceProvider@3c40109e]
SLF4J: Found provider [ch.qos.logback.classic.spi.LogbackServiceProvider@1f743539]
SLF4J: See https://www.slf4j.org/codes.html#multiple_bindings for an explanation.
SLF4J: Actual provider is of type [scribe.slf4j.ScribeServiceProvider@3c40109e]
2024.05.09 11:18:23 WARN  Flyway upgrade recommended: H2 2.2.224 is newer than this version of Flyway and support has not been tested. The latest supported version of H2 is 2.2.220.
2024.05.09 11:18:24 INFO  Attempting to connect to the build server...
2024.05.09 11:18:25 INFO  tracing is disabled for protocol BSP, to enable tracing of incoming and outgoing JSON messages create an empty file at /home/hermandi21/Schreibtisch/AIN3/ConnectFour/.metals/bsp.trace.json or /home/hermandi21/.cache/metals/bsp.trace.json
2024.05.09 11:18:25 INFO  Attempting to connect to the build server...
2024.05.09 11:18:25 INFO  Attempting to connect to the build server...
2024.05.09 11:18:26 INFO  tracing is disabled for protocol BSP, to enable tracing of incoming and outgoing JSON messages create an empty file at /home/hermandi21/Schreibtisch/AIN3/ConnectFour/project/.metals/bsp.trace.json or /home/hermandi21/.cache/metals/bsp.trace.json
2024.05.09 11:18:26 INFO  tracing is disabled for protocol BSP, to enable tracing of incoming and outgoing JSON messages create an empty file at /home/hermandi21/Schreibtisch/AIN3/ConnectFour/project/project/.metals/bsp.trace.json or /home/hermandi21/.cache/metals/bsp.trace.json
2024.05.09 11:18:26 INFO  time: Connected to build server in 1.48s
2024.05.09 11:18:26 INFO  Connected to Build server: Bloop v1.5.17
2024.05.09 11:18:26 INFO  time: Imported build in 0.28s
2024.05.09 11:18:42 INFO  no build target found for /home/hermandi21/Schreibtisch/AIN3/ConnectFour/connectfour/build.sbt. Using presentation compiler with project's scala-library version: 3.3.3
2024.05.09 11:18:47 INFO  time: indexed workspace in 4.58s
2024.05.09 11:18:47 WARN  no build target for: /home/hermandi21/Schreibtisch/AIN3/ConnectFour/connectfour/build.sbt
2024.05.09 11:18:56 INFO  no build target found for /home/hermandi21/Schreibtisch/AIN3/ConnectFour/connectfour/build.sbt. Using presentation compiler with project's scala-library version: 3.3.3
2024.05.09 11:18:59 INFO  time: code lens generation in 2.57s
2024.05.09 11:18:59 INFO  time: code lens generation in 2.57s
Mai 09, 2024 11:19:14 AM org.eclipse.lsp4j.jsonrpc.services.GenericEndpoint notify
INFORMATION: Unsupported notification method: $/setTrace
2024.05.09 11:19:53 WARN  no build target for: /home/hermandi21/Schreibtisch/AIN3/ConnectFour/connectfour/build.sbt
2024.05.09 11:19:53 INFO  skipping build import with status 'Installed'
2024.05.09 11:19:53 INFO  Disconnecting from Bloop session...
2024.05.09 11:19:53 INFO  Shut down connection with build server.
2024.05.09 11:19:53 INFO  Shut down connection with build server.
2024.05.09 11:19:53 INFO  Shut down connection with build server.
2024.05.09 11:19:53 INFO  Attempting to connect to the build server...
2024.05.09 11:19:53 INFO  tracing is disabled for protocol BSP, to enable tracing of incoming and outgoing JSON messages create an empty file at /home/hermandi21/Schreibtisch/AIN3/ConnectFour/.metals/bsp.trace.json or /home/hermandi21/.cache/metals/bsp.trace.json
2024.05.09 11:19:53 INFO  Attempting to connect to the build server...
2024.05.09 11:19:53 INFO  Attempting to connect to the build server...
2024.05.09 11:19:53 INFO  tracing is disabled for protocol BSP, to enable tracing of incoming and outgoing JSON messages create an empty file at /home/hermandi21/Schreibtisch/AIN3/ConnectFour/project/project/.metals/bsp.trace.json or /home/hermandi21/.cache/metals/bsp.trace.json
2024.05.09 11:19:54 INFO  tracing is disabled for protocol BSP, to enable tracing of incoming and outgoing JSON messages create an empty file at /home/hermandi21/Schreibtisch/AIN3/ConnectFour/project/.metals/bsp.trace.json or /home/hermandi21/.cache/metals/bsp.trace.json
2024.05.09 11:19:54 INFO  time: Connected to build server in 0.24s
2024.05.09 11:19:54 INFO  Connected to Build server: Bloop v1.5.17
2024.05.09 11:19:53 INFO  time: Imported build in 0.17s
2024.05.09 11:19:56 WARN  no build target for: /home/hermandi21/Schreibtisch/AIN3/ConnectFour/connectfour/build.sbt
2024.05.09 11:19:57 INFO  time: indexed workspace in 3.07s
2024.05.09 11:19:57 WARN  no build target for: /home/hermandi21/Schreibtisch/AIN3/ConnectFour/connectfour/build.sbt
2024.05.09 11:19:57 INFO  skipping build import with status 'Installed'
2024.05.09 11:19:57 INFO  Disconnecting from Bloop session...
2024.05.09 11:19:57 INFO  Shut down connection with build server.
2024.05.09 11:19:57 INFO  Shut down connection with build server.
2024.05.09 11:19:56 INFO  Shut down connection with build server.
Mai 09, 2024 11:19:57 AM org.eclipse.lsp4j.jsonrpc.RemoteEndpoint notify
INFORMATION: Failed to send notification message.
org.eclipse.lsp4j.jsonrpc.JsonRpcException: java.nio.channels.AsynchronousCloseException
	at org.eclipse.lsp4j.jsonrpc.json.StreamMessageConsumer.consume(StreamMessageConsumer.java:72)
	at scala.meta.internal.metals.RequestMonitorImpl$$anon$1.consume(ServerLivenessMonitor.scala:41)
	at org.eclipse.lsp4j.jsonrpc.RemoteEndpoint.notify(RemoteEndpoint.java:126)
	at org.eclipse.lsp4j.jsonrpc.RemoteEndpoint.sendCancelNotification(RemoteEndpoint.java:180)
	at org.eclipse.lsp4j.jsonrpc.RemoteEndpoint$1.cancel(RemoteEndpoint.java:150)
	at scala.meta.internal.metals.utils.FutureWithTimeout$$anon$1.$anonfun$cancel$1(FutureWithTimeout.scala:37)
	at scala.runtime.java8.JFunction0$mcZ$sp.apply(JFunction0$mcZ$sp.scala:17)
	at scala.util.Try$.apply(Try.scala:217)
	at scala.meta.internal.metals.utils.FutureWithTimeout$$anon$1.cancel(FutureWithTimeout.scala:37)
	at scala.meta.internal.metals.Cancelable$.$anonfun$cancelAll$1(Cancelable.scala:29)
	at scala.collection.immutable.List.foreach(List.scala:334)
	at scala.meta.internal.metals.Cancelable$.cancelAll(Cancelable.scala:28)
	at scala.meta.internal.metals.MutableCancelable.cancel(MutableCancelable.scala:25)
	at scala.meta.internal.metals.utils.RequestRegistry.cancel(RequestRegistry.scala:94)
	at scala.meta.internal.metals.BuildServerConnection.cancel(BuildServerConnection.scala:411)
	at scala.meta.internal.metals.BuildServerConnection.$anonfun$shutdown$1(BuildServerConnection.scala:175)
	at scala.meta.internal.metals.BuildServerConnection.$anonfun$shutdown$1$adapted(BuildServerConnection.scala:167)
	at scala.concurrent.impl.Promise$Transformation.run(Promise.scala:467)
	at java.base/java.util.concurrent.ThreadPoolExecutor.runWorker(Unknown Source)
	at java.base/java.util.concurrent.ThreadPoolExecutor$Worker.run(Unknown Source)
	at java.base/java.lang.Thread.run(Unknown Source)
Caused by: java.nio.channels.AsynchronousCloseException
	at java.base/java.nio.channels.spi.AbstractInterruptibleChannel.end(Unknown Source)
	at java.base/sun.nio.ch.SinkChannelImpl.endWrite(Unknown Source)
	at java.base/sun.nio.ch.SinkChannelImpl.write(Unknown Source)
	at java.base/sun.nio.ch.ChannelOutputStream.writeFully(Unknown Source)
	at java.base/sun.nio.ch.ChannelOutputStream.write(Unknown Source)
	at java.base/java.io.OutputStream.write(Unknown Source)
	at java.base/sun.nio.ch.ChannelOutputStream.write(Unknown Source)
	at scala.meta.internal.metals.ClosableOutputStream.write(ClosableOutputStream.scala:26)
	at java.base/java.io.FilterOutputStream.write(Unknown Source)
	at java.base/java.io.FilterOutputStream.write(Unknown Source)
	at org.eclipse.lsp4j.jsonrpc.json.StreamMessageConsumer.consume(StreamMessageConsumer.java:67)
	... 20 more

2024.05.09 11:19:57 INFO  Scala test classes not supported by server
2024.05.09 11:19:57 INFO  Attempting to connect to the build server...
2024.05.09 11:19:57 INFO  tracing is disabled for protocol BSP, to enable tracing of incoming and outgoing JSON messages create an empty file at /home/hermandi21/Schreibtisch/AIN3/ConnectFour/.metals/bsp.trace.json or /home/hermandi21/.cache/metals/bsp.trace.json
2024.05.09 11:19:57 INFO  Attempting to connect to the build server...
2024.05.09 11:19:57 INFO  Attempting to connect to the build server...
2024.05.09 11:19:57 INFO  tracing is disabled for protocol BSP, to enable tracing of incoming and outgoing JSON messages create an empty file at /home/hermandi21/Schreibtisch/AIN3/ConnectFour/project/project/.metals/bsp.trace.json or /home/hermandi21/.cache/metals/bsp.trace.json
2024.05.09 11:19:57 INFO  tracing is disabled for protocol BSP, to enable tracing of incoming and outgoing JSON messages create an empty file at /home/hermandi21/Schreibtisch/AIN3/ConnectFour/project/.metals/bsp.trace.json or /home/hermandi21/.cache/metals/bsp.trace.json
2024.05.09 11:19:57 INFO  time: Connected to build server in 0.17s
2024.05.09 11:19:57 INFO  Connected to Build server: Bloop v1.5.17
2024.05.09 11:19:57 INFO  time: Imported build in 0.11s
2024.05.09 11:20:10 INFO  no build target found for /home/hermandi21/Schreibtisch/AIN3/ConnectFour/connectfour/build.sbt. Using presentation compiler with project's scala-library version: 3.3.3
2024.05.09 11:20:24 INFO  no build target found for /home/hermandi21/Schreibtisch/AIN3/ConnectFour/connectfour/build.sbt. Using presentation compiler with project's scala-library version: 3.3.3
2024.05.09 11:20:29 INFO  time: indexed workspace in 18s
2024.05.09 11:20:29 WARN  no build target for: /home/hermandi21/Schreibtisch/AIN3/ConnectFour/connectfour/build.sbt
